#
# There is insufficient memory for the Java Runtime Environment to continue.
# Native memory allocation (malloc) failed to allocate 1048576 bytes for AllocateHeap
# Possible reasons:
#   The system is out of physical RAM or swap space
#   In 32 bit mode, the process size limit was hit
# Possible solutions:
#   Reduce memory load on the system
#   Increase physical memory or swap space
#   Check if swap backing store is full
#   Use 64 bit Java on a 64 bit OS
#   Decrease Java heap size (-Xmx/-Xms)
#   Decrease number of Java threads
#   Decrease Java thread stack sizes (-Xss)
#   Set larger code cache with -XX:ReservedCodeCacheSize=
# This output file may be truncated or incomplete.
#
#  Out of Memory Error (memory/allocation.inline.hpp:61), pid=18552, tid=0x0000000000004614
#
# JRE version:  (8.0_131-b11) (build )
# Java VM: Java HotSpot(TM) 64-Bit Server VM (25.131-b11 mixed mode windows-amd64 compressed oops)
# Failed to write core dump. Minidumps are not enabled by default on client versions of Windows
#

---------------  T H R E A D  ---------------

Current thread (0x00000000030d0800):  JavaThread "Unknown thread" [_thread_in_vm, id=17940, stack(0x0000000002fd0000,0x00000000030d0000)]

Stack: [0x0000000002fd0000,0x00000000030d0000]
[error occurred during error reporting (printing stack bounds), id 0xc0000005]

Native frames: (J=compiled Java code, j=interpreted, Vv=VM code, C=native code)


---------------  P R O C E S S  ---------------

Java Threads: ( => current thread )

Other Threads:

=>0x00000000030d0800 (exited) JavaThread "Unknown thread" [_thread_in_vm, id=17940, stack(0x0000000002fd0000,0x00000000030d0000)]

VM state:not at safepoint (normal execution)

VM Mutex/Monitor currently owned by a thread: None

Heap:
 PSYoungGen      total 37888K, used 655K [0x00000000d6200000, 0x00000000d8c00000, 0x0000000100000000)
  eden space 32768K, 2% used [0x00000000d6200000,0x00000000d62a3d80,0x00000000d8200000)
  from space 5120K, 0% used [0x00000000d8700000,0x00000000d8700000,0x00000000d8c00000)
  to   space 5120K, 0% used [0x00000000d8200000,0x00000000d8200000,0x00000000d8700000)
 ParOldGen       total 86016K, used 0K [0x0000000082600000, 0x0000000087a00000, 0x00000000d6200000)
  object space 86016K, 0% used [0x0000000082600000,0x0000000082600000,0x0000000087a00000)
 Metaspace       used 746K, capacity 4480K, committed 4480K, reserved 1056768K
  class space    used 75K, capacity 384K, committed 384K, reserved 1048576K

Card table byte_map: [0x0000000012590000,0x0000000012980000] byte_map_base: 0x000000001217d000

Marking Bits: (ParMarkBitMap*) 0x000000005289c720
 Begin Bits: [0x0000000013020000, 0x0000000014f88000)
 End Bits:   [0x0000000014f88000, 0x0000000016ef0000)

Polling page: 0x0000000000ff0000

CodeCache: size=245760Kb used=328Kb max_used=328Kb free=245431Kb
 bounds [0x00000000031d0000, 0x0000000003440000, 0x00000000121d0000]
 total_blobs=58 nmethods=0 adapters=38
 compilation: enabled

Compilation events (0 events):
No events

GC Heap History (0 events):
No events

Deoptimization events (0 events):
No events

Internal exceptions (0 events):
No events

Events (10 events):
Event: 0.175 loading class java/lang/Short
Event: 0.176 loading class java/lang/Short done
Event: 0.176 loading class java/lang/Integer
Event: 0.176 loading class java/lang/Integer done
Event: 0.176 loading class java/lang/Long
Event: 0.177 loading class java/lang/Long done
Event: 0.179 loading class java/lang/NullPointerException
Event: 0.180 loading class java/lang/NullPointerException done
Event: 0.180 loading class java/lang/ArithmeticException
Event: 0.180 loading class java/lang/ArithmeticException done


Dynamic libraries:
0x00007ff656350000 - 0x00007ff656387000 	C:\Program Files\Java\jre1.8.0_131\bin\javaw.exe
0x00007ffdd10c0000 - 0x00007ffdd1291000 	C:\Windows\SYSTEM32\ntdll.dll
0x00007ffdce650000 - 0x00007ffdce6fb000 	C:\Windows\System32\KERNEL32.DLL
0x00007ffdcd8e0000 - 0x00007ffdcdafd000 	C:\Windows\System32\KERNELBASE.dll
0x00007ffdceb90000 - 0x00007ffdcec32000 	C:\Windows\System32\ADVAPI32.dll
0x00007ffdced80000 - 0x00007ffdcee1e000 	C:\Windows\System32\msvcrt.dll
0x00007ffdceb30000 - 0x00007ffdceb89000 	C:\Windows\System32\sechost.dll
0x00007ffdcf010000 - 0x00007ffdcf131000 	C:\Windows\System32\RPCRT4.dll
0x00007ffdcee40000 - 0x00007ffdcefa5000 	C:\Windows\System32\USER32.dll
0x00007ffdcdea0000 - 0x00007ffdcdebe000 	C:\Windows\System32\win32u.dll
0x00007ffdd0f40000 - 0x00007ffdd0f74000 	C:\Windows\System32\GDI32.dll
0x00007ffdcdc60000 - 0x00007ffdcdde2000 	C:\Windows\System32\gdi32full.dll
0x00007ffdbe150000 - 0x00007ffdbe3ca000 	C:\Windows\WinSxS\amd64_microsoft.windows.common-controls_6595b64144ccf1df_6.0.14393.953_none_42151e83c686086b\COMCTL32.dll
0x00007ffdcf5c0000 - 0x00007ffdcf888000 	C:\Windows\System32\combase.dll
0x00007ffdcdb00000 - 0x00007ffdcdbf5000 	C:\Windows\System32\ucrtbase.dll
0x00007ffdcd780000 - 0x00007ffdcd7ea000 	C:\Windows\System32\bcryptPrimitives.dll
0x00007ffdcec40000 - 0x00007ffdcec6e000 	C:\Windows\System32\IMM32.DLL
0x00000000541a0000 - 0x0000000054272000 	C:\Program Files\Java\jre1.8.0_131\bin\msvcr100.dll
0x0000000052080000 - 0x000000005291c000 	C:\Program Files\Java\jre1.8.0_131\bin\server\jvm.dll
0x00007ffdcf3e0000 - 0x00007ffdcf3e8000 	C:\Windows\System32\PSAPI.DLL
0x00007ffdb5cc0000 - 0x00007ffdb5cc9000 	C:\Windows\SYSTEM32\WSOCK32.dll
0x00007ffdbc720000 - 0x00007ffdbc72a000 	C:\Windows\SYSTEM32\VERSION.dll
0x00007ffdcf2a0000 - 0x00007ffdcf30a000 	C:\Windows\System32\WS2_32.dll
0x00007ffdcb7e0000 - 0x00007ffdcb803000 	C:\Windows\SYSTEM32\WINMM.dll
0x00000000012f0000 - 0x000000000131b000 	C:\Windows\SYSTEM32\WINMMBASE.dll
0x00007ffdcd890000 - 0x00007ffdcd8d2000 	C:\Windows\System32\cfgmgr32.dll
0x00000000557c0000 - 0x00000000557cf000 	C:\Program Files\Java\jre1.8.0_131\bin\verify.dll
0x0000000055790000 - 0x00000000557b9000 	C:\Program Files\Java\jre1.8.0_131\bin\java.dll
0x0000000055770000 - 0x0000000055786000 	C:\Program Files\Java\jre1.8.0_131\bin\zip.dll

VM Arguments:
jvm_args: -Dfile.encoding=Cp1252 
java_command: gui.GameWindow
java_class_path (initial): C:\Users\Afonso\Documents\POO\VP\VideoPoker\VideoPoker\bin
Launcher Type: SUN_STANDARD

Environment Variables:
PATH=C:/Program Files/Java/jre1.8.0_131/bin/server;C:/Program Files/Java/jre1.8.0_131/bin;C:/Program Files/Java/jre1.8.0_131/lib/amd64;C:\ProgramData\Oracle\Java\javapath;C:\Windows\system32;C:\Windows;C:\Windows\System32\Wbem;C:\Windows\System32\WindowsPowerShell\v1.0\;C:\Program Files\Intel\WiFi\bin\;C:\Program Files\Common Files\Intel\WirelessCommon\;C:\Program Files (x86)\GtkSharp\2.12\bin;C:\Program Files (x86)\Skype\Phone\;C:\Users\Afonso\AppData\Local\Microsoft\WindowsApps;C:\Users\Afonso\AppData\Local\atom\bin;C:\Users\Afonso\Desktop;
USERNAME=Afonso
OS=Windows_NT
PROCESSOR_IDENTIFIER=Intel64 Family 6 Model 142 Stepping 9, GenuineIntel



---------------  S Y S T E M  ---------------

OS: Windows 10.0 , 64 bit Build 14393 (10.0.14393.0)

CPU:total 4 (initial active 4) (2 cores per cpu, 2 threads per core) family 6 model 142 stepping 9, cmov, cx8, fxsr, mmx, sse, sse2, sse3, ssse3, sse4.1, sse4.2, popcnt, avx, avx2, aes, clmul, erms, 3dnowpref, lzcnt, ht, tsc, tscinvbit, bmi1, bmi2, adx

Memory: 4k page, physical 8227852k(1967684k free), swap 26680456k(6792k free)

vm_info: Java HotSpot(TM) 64-Bit Server VM (25.131-b11) for windows-amd64 JRE (1.8.0_131-b11), built on Mar 15 2017 01:23:53 by "java_re" with MS VC++ 10.0 (VS2010)

time: Thu May 11 00:22:33 2017
elapsed time: 0 seconds (0d 0h 0m 0s)

